[debug] ----------------------------------------------------------------------
[debug] Command:      /Users/plam/.nvm/versions/node/v5.6.0/bin/node /Users/plam/.nvm/versions/node/v5.6.0/bin/firebase deploy
[debug] CLI Version:  3.0.4
[debug] Platform:     darwin
[debug] Node Version: v5.6.0
[debug] Time:         Wed Aug 03 2016 10:45:14 GMT+0300 (EEST)
[debug] ----------------------------------------------------------------------
[debug] 
[error] 
[error] Error: Not in a Firebase app directory (could not locate firebase.json)
[debug] ----------------------------------------------------------------------
[debug] Command:      /Users/plam/.nvm/versions/node/v5.6.0/bin/node /Users/plam/.nvm/versions/node/v5.6.0/bin/firebase deploy
[debug] CLI Version:  3.0.4
[debug] Platform:     darwin
[debug] Node Version: v5.6.0
[debug] Time:         Wed Aug 03 2016 14:02:15 GMT+0300 (EEST)
[debug] ----------------------------------------------------------------------
[debug] 
[error] 
[error] Error: Not in a Firebase app directory (could not locate firebase.json)
